e:\users\mikhail\documents\2017_iu\к собеседованию\winforms\winforms\debug\vc140.pdb
e:\users\mikhail\documents\2017_iu\к собеседованию\winforms\winforms\debug\.netframework,version=v4.5.2.assemblyattributes.obj
e:\users\mikhail\documents\2017_iu\к собеседованию\winforms\winforms\debug\.netframework,version=v4.5.2.assemblyattributes.asm
e:\users\mikhail\documents\2017_iu\к собеседованию\winforms\winforms\debug\myform.obj
e:\users\mikhail\documents\2017_iu\к собеседованию\winforms\winforms\debug\multiple.obj
e:\users\mikhail\documents\2017_iu\к собеседованию\winforms\debug\winforms.exe
e:\users\mikhail\documents\2017_iu\к собеседованию\winforms\debug\winforms.pdb
e:\users\mikhail\documents\2017_iu\к собеседованию\winforms\winforms\debug\winforms.myform.resources
e:\users\mikhail\documents\2017_iu\к собеседованию\winforms\winforms\debug\winforms.vcxproj.generateresource.cache
e:\users\mikhail\documents\2017_iu\к собеседованию\winforms\winforms\debug\winforms.vcxprojresolveassemblyreference.cache
e:\users\mikhail\documents\2017_iu\к собеседованию\winforms\winforms\debug\winforms.tlog\cl.command.1.tlog
e:\users\mikhail\documents\2017_iu\к собеседованию\winforms\winforms\debug\winforms.tlog\cl.read.1.tlog
e:\users\mikhail\documents\2017_iu\к собеседованию\winforms\winforms\debug\winforms.tlog\cl.write.1.tlog
e:\users\mikhail\documents\2017_iu\к собеседованию\winforms\winforms\debug\winforms.tlog\link.command.1.tlog
e:\users\mikhail\documents\2017_iu\к собеседованию\winforms\winforms\debug\winforms.tlog\link.read.1.tlog
e:\users\mikhail\documents\2017_iu\к собеседованию\winforms\winforms\debug\winforms.tlog\link.write.1.tlog
e:\users\mikhail\documents\2017_iu\к собеседованию\winforms\winforms\debug\winforms.tlog\metagen.read.1.tlog
e:\users\mikhail\documents\2017_iu\к собеседованию\winforms\winforms\debug\winforms.tlog\metagen.write.1.tlog
e:\users\mikhail\documents\2017_iu\к собеседованию\winforms\winforms\debug\winforms.tlog\winforms.write.1u.tlog
e:\users\mikhail\documents\2017_iu\к собеседованию\winforms\winforms\debug\winforms.tlog\tzres.dll.bi
